<?xml version="1.0" encoding="UTF-8"?>
<coverage generated="1749644288">
  <project timestamp="1749644288" name="Clover Coverage">
    <package name="Revolution\Bluesky\Agent">
      <file name="/home/runner/work/laravel-bluesky/laravel-bluesky/src/Agent/LegacyAgent.php">
        <class name="Revolution\Bluesky\Agent\LegacyAgent" namespace="Revolution\Bluesky\Agent">
          <metrics complexity="14" methods="11" coveredmethods="9" conditionals="0" coveredconditionals="0" statements="24" coveredstatements="17" elements="35" coveredelements="26"/>
        </class>
        <line num="24" type="method" name="__construct" visibility="public" complexity="1" crap="1" count="38"/>
        <line num="26" type="stmt" count="38"/>
        <line num="28" type="method" name="create" visibility="public" complexity="1" crap="1" count="38"/>
        <line num="30" type="stmt" count="38"/>
        <line num="33" type="method" name="http" visibility="public" complexity="1" crap="1" count="1"/>
        <line num="35" type="stmt" count="1"/>
        <line num="36" type="stmt" count="1"/>
        <line num="37" type="stmt" count="1"/>
        <line num="38" type="stmt" count="1"/>
        <line num="44" type="method" name="refreshSession" visibility="public" complexity="1" crap="2" count="0"/>
        <line num="46" type="stmt" count="0"/>
        <line num="47" type="stmt" count="0"/>
        <line num="48" type="stmt" count="0"/>
        <line num="50" type="stmt" count="0"/>
        <line num="52" type="stmt" count="0"/>
        <line num="58" type="method" name="session" visibility="public" complexity="2" crap="2" count="36"/>
        <line num="60" type="stmt" count="36"/>
        <line num="63" type="method" name="did" visibility="public" complexity="1" crap="1" count="13"/>
        <line num="65" type="stmt" count="13"/>
        <line num="68" type="method" name="token" visibility="public" complexity="1" crap="1" count="1"/>
        <line num="70" type="stmt" count="1"/>
        <line num="73" type="method" name="refresh" visibility="public" complexity="1" crap="1" count="34"/>
        <line num="75" type="stmt" count="34"/>
        <line num="78" type="method" name="tokenExpired" visibility="public" complexity="1" crap="1" count="34"/>
        <line num="80" type="stmt" count="34"/>
        <line num="83" type="method" name="pdsUrl" visibility="public" complexity="1" crap="1" count="1"/>
        <line num="85" type="stmt" count="1"/>
        <line num="88" type="method" name="baseUrl" visibility="public" complexity="3" crap="3.21" count="1"/>
        <line num="90" type="stmt" count="1"/>
        <line num="92" type="stmt" count="1"/>
        <line num="93" type="stmt" count="0"/>
        <line num="96" type="stmt" count="1"/>
        <line num="97" type="stmt" count="1"/>
        <line num="99" type="stmt" count="0"/>
        <line num="103" type="stmt" count="1"/>
        <metrics loc="106" ncloc="96" classes="1" methods="11" coveredmethods="9" conditionals="0" coveredconditionals="0" statements="24" coveredstatements="17" elements="35" coveredelements="26"/>
      </file>
      <file name="/home/runner/work/laravel-bluesky/laravel-bluesky/src/Agent/OAuthAgent.php">
        <class name="Revolution\Bluesky\Agent\OAuthAgent" namespace="Revolution\Bluesky\Agent">
          <metrics complexity="22" methods="14" coveredmethods="9" conditionals="0" coveredconditionals="0" statements="56" coveredstatements="39" elements="70" coveredelements="48"/>
        </class>
        <line num="33" type="method" name="__construct" visibility="public" complexity="1" crap="1" count="10"/>
        <line num="36" type="stmt" count="10"/>
        <line num="38" type="method" name="create" visibility="public" complexity="1" crap="1" count="6"/>
        <line num="40" type="stmt" count="6"/>
        <line num="46" type="method" name="http" visibility="public" complexity="3" crap="3.03" count="1"/>
        <line num="48" type="stmt" count="1"/>
        <line num="49" type="stmt" count="0"/>
        <line num="52" type="stmt" count="1"/>
        <line num="53" type="stmt" count="1"/>
        <line num="54" type="stmt" count="1"/>
        <line num="55" type="stmt" count="1"/>
        <line num="56" type="stmt" count="1"/>
        <line num="59" type="method" name="apiRequestMiddleware" visibility="protected" complexity="1" crap="2" count="0"/>
        <line num="61" type="stmt" count="0"/>
        <line num="62" type="stmt" count="0"/>
        <line num="63" type="stmt" count="0"/>
        <line num="64" type="stmt" count="0"/>
        <line num="65" type="stmt" count="0"/>
        <line num="66" type="stmt" count="0"/>
        <line num="67" type="stmt" count="0"/>
        <line num="68" type="stmt" count="0"/>
        <line num="70" type="stmt" count="0"/>
        <line num="73" type="method" name="apiResponseMiddleware" visibility="protected" complexity="1" crap="2" count="0"/>
        <line num="75" type="stmt" count="0"/>
        <line num="77" type="stmt" count="0"/>
        <line num="79" type="stmt" count="0"/>
        <line num="81" type="stmt" count="0"/>
        <line num="83" type="stmt" count="0"/>
        <line num="89" type="method" name="refreshSession" visibility="public" complexity="1" crap="1" count="2"/>
        <line num="91" type="stmt" count="2"/>
        <line num="93" type="stmt" count="2"/>
        <line num="98" type="stmt" count="2"/>
        <line num="99" type="stmt" count="2"/>
        <line num="102" type="stmt" count="2"/>
        <line num="103" type="stmt" count="2"/>
        <line num="104" type="stmt" count="2"/>
        <line num="107" type="stmt" count="1"/>
        <line num="108" type="stmt" count="1"/>
        <line num="109" type="stmt" count="1"/>
        <line num="110" type="stmt" count="1"/>
        <line num="112" type="stmt" count="1"/>
        <line num="114" type="stmt" count="1"/>
        <line num="116" type="stmt" count="1"/>
        <line num="119" type="method" name="refreshProfile" visibility="public" complexity="5" crap="5.03" count="1"/>
        <line num="121" type="stmt" count="1"/>
        <line num="122" type="stmt" count="0"/>
        <line num="125" type="stmt" count="1"/>
        <line num="126" type="stmt" count="1"/>
        <line num="128" type="stmt" count="1"/>
        <line num="129" type="stmt" count="1"/>
        <line num="131" type="stmt" count="1"/>
        <line num="132" type="stmt" count="1"/>
        <line num="135" type="stmt" count="1"/>
        <line num="141" type="method" name="session" visibility="public" complexity="2" crap="2" count="4"/>
        <line num="143" type="stmt" count="4"/>
        <line num="146" type="method" name="did" visibility="public" complexity="1" crap="1" count="2"/>
        <line num="148" type="stmt" count="2"/>
        <line num="151" type="method" name="token" visibility="public" complexity="1" crap="1" count="1"/>
        <line num="153" type="stmt" count="1"/>
        <line num="156" type="method" name="refresh" visibility="public" complexity="1" crap="2" count="0"/>
        <line num="158" type="stmt" count="0"/>
        <line num="161" type="method" name="tokenExpired" visibility="public" complexity="1" crap="1" count="2"/>
        <line num="163" type="stmt" count="2"/>
        <line num="166" type="method" name="pdsUrl" visibility="public" complexity="1" crap="1" count="3"/>
        <line num="168" type="stmt" count="3"/>
        <line num="171" type="method" name="baseUrl" visibility="public" complexity="2" crap="2" count="2"/>
        <line num="173" type="stmt" count="2"/>
        <line num="175" type="stmt" count="2"/>
        <line num="177" type="stmt" count="1"/>
        <line num="180" type="stmt" count="2"/>
        <metrics loc="183" ncloc="165" classes="1" methods="14" coveredmethods="9" conditionals="0" coveredconditionals="0" statements="56" coveredstatements="39" elements="70" coveredelements="48"/>
      </file>
    </package>
    <package name="Revolution\Bluesky">
      <file name="/home/runner/work/laravel-bluesky/laravel-bluesky/src/BlueskyManager.php">
        <class name="Revolution\Bluesky\BlueskyManager" namespace="Revolution\Bluesky">
          <metrics complexity="25" methods="16" coveredmethods="16" conditionals="0" coveredconditionals="0" statements="44" coveredstatements="44" elements="60" coveredelements="60"/>
        </class>
        <line num="45" type="method" name="withToken" visibility="public" complexity="3" crap="3" count="4"/>
        <line num="47" type="stmt" count="4"/>
        <line num="48" type="stmt" count="3"/>
        <line num="49" type="stmt" count="1"/>
        <line num="50" type="stmt" count="1"/>
        <line num="53" type="stmt" count="4"/>
        <line num="59" type="method" name="login" visibility="public" complexity="1" crap="1" count="38"/>
        <line num="61" type="stmt" count="38"/>
        <line num="63" type="stmt" count="38"/>
        <line num="64" type="stmt" count="38"/>
        <line num="65" type="stmt" count="38"/>
        <line num="66" type="stmt" count="38"/>
        <line num="68" type="stmt" count="38"/>
        <line num="69" type="stmt" count="38"/>
        <line num="71" type="stmt" count="38"/>
        <line num="74" type="method" name="client" visibility="public" complexity="1" crap="1" count="45"/>
        <line num="76" type="stmt" count="45"/>
        <line num="77" type="stmt" count="45"/>
        <line num="78" type="stmt" count="45"/>
        <line num="86" type="method" name="public" visibility="public" complexity="1" crap="1" count="1"/>
        <line num="88" type="stmt" count="1"/>
        <line num="89" type="stmt" count="1"/>
        <line num="90" type="stmt" count="1"/>
        <line num="102" type="method" name="send" visibility="public" complexity="3" crap="3" count="2"/>
        <line num="104" type="stmt" count="2"/>
        <line num="106" type="stmt" count="2"/>
        <line num="107" type="stmt" count="2"/>
        <line num="108" type="stmt" count="2"/>
        <line num="111" type="method" name="http" visibility="protected" complexity="4" crap="4" count="47"/>
        <line num="113" type="stmt" count="47"/>
        <line num="114" type="stmt" count="47"/>
        <line num="117" type="stmt" count="1"/>
        <line num="123" type="method" name="assertDid" visibility="public" complexity="2" crap="2" count="13"/>
        <line num="125" type="stmt" count="13"/>
        <line num="127" type="stmt" count="13"/>
        <line num="130" type="method" name="agent" visibility="public" complexity="1" crap="1" count="45"/>
        <line num="132" type="stmt" count="45"/>
        <line num="135" type="method" name="withAgent" visibility="public" complexity="1" crap="1" count="1"/>
        <line num="137" type="stmt" count="1"/>
        <line num="139" type="stmt" count="1"/>
        <line num="142" type="method" name="refreshSession" visibility="public" complexity="1" crap="1" count="1"/>
        <line num="144" type="stmt" count="1"/>
        <line num="146" type="stmt" count="1"/>
        <line num="149" type="method" name="identity" visibility="public" complexity="1" crap="1" count="9"/>
        <line num="151" type="stmt" count="9"/>
        <line num="154" type="method" name="pds" visibility="public" complexity="1" crap="1" count="4"/>
        <line num="156" type="stmt" count="4"/>
        <line num="159" type="method" name="check" visibility="public" complexity="2" crap="2" count="39"/>
        <line num="161" type="stmt" count="39"/>
        <line num="162" type="stmt" count="6"/>
        <line num="165" type="stmt" count="34"/>
        <line num="168" type="method" name="logout" visibility="public" complexity="1" crap="1" count="1"/>
        <line num="170" type="stmt" count="1"/>
        <line num="172" type="stmt" count="1"/>
        <line num="175" type="method" name="publicEndpoint" visibility="public" complexity="1" crap="1" count="10"/>
        <line num="177" type="stmt" count="10"/>
        <line num="180" type="method" name="entryway" visibility="public" complexity="1" crap="1" count="51"/>
        <line num="183" type="stmt" count="51"/>
        <line num="184" type="stmt" count="51"/>
        <line num="186" type="stmt" count="51"/>
        <metrics loc="189" ncloc="163" classes="1" methods="16" coveredmethods="16" conditionals="0" coveredconditionals="0" statements="44" coveredstatements="44" elements="60" coveredelements="60"/>
      </file>
      <file name="/home/runner/work/laravel-bluesky/laravel-bluesky/src/HasShortHand.php">
        <class name="Revolution\Bluesky\HasShortHand" namespace="Revolution\Bluesky">
          <metrics complexity="47" methods="39" coveredmethods="29" conditionals="0" coveredconditionals="0" statements="289" coveredstatements="213" elements="328" coveredelements="242"/>
        </class>
        <line num="49" type="method" name="createRecord" visibility="public" complexity="2" crap="2" count="10"/>
        <line num="52" type="stmt" count="10"/>
        <line num="54" type="stmt" count="10"/>
        <line num="55" type="stmt" count="10"/>
        <line num="56" type="stmt" count="10"/>
        <line num="57" type="stmt" count="10"/>
        <line num="58" type="stmt" count="10"/>
        <line num="59" type="stmt" count="10"/>
        <line num="60" type="stmt" count="10"/>
        <line num="61" type="stmt" count="10"/>
        <line num="62" type="stmt" count="10"/>
        <line num="65" type="method" name="getRecord" visibility="public" complexity="1" crap="1" count="2"/>
        <line num="68" type="stmt" count="2"/>
        <line num="69" type="stmt" count="2"/>
        <line num="70" type="stmt" count="2"/>
        <line num="71" type="stmt" count="2"/>
        <line num="72" type="stmt" count="2"/>
        <line num="73" type="stmt" count="2"/>
        <line num="74" type="stmt" count="2"/>
        <line num="77" type="method" name="listRecords" visibility="public" complexity="1" crap="1" count="1"/>
        <line num="80" type="stmt" count="1"/>
        <line num="81" type="stmt" count="1"/>
        <line num="82" type="stmt" count="1"/>
        <line num="83" type="stmt" count="1"/>
        <line num="84" type="stmt" count="1"/>
        <line num="85" type="stmt" count="1"/>
        <line num="86" type="stmt" count="1"/>
        <line num="87" type="stmt" count="1"/>
        <line num="90" type="method" name="putRecord" visibility="public" complexity="2" crap="2" count="1"/>
        <line num="93" type="stmt" count="1"/>
        <line num="95" type="stmt" count="1"/>
        <line num="96" type="stmt" count="1"/>
        <line num="97" type="stmt" count="1"/>
        <line num="98" type="stmt" count="1"/>
        <line num="99" type="stmt" count="1"/>
        <line num="100" type="stmt" count="1"/>
        <line num="101" type="stmt" count="1"/>
        <line num="102" type="stmt" count="1"/>
        <line num="103" type="stmt" count="1"/>
        <line num="104" type="stmt" count="1"/>
        <line num="107" type="method" name="deleteRecord" visibility="public" complexity="1" crap="1" count="3"/>
        <line num="110" type="stmt" count="3"/>
        <line num="111" type="stmt" count="3"/>
        <line num="112" type="stmt" count="3"/>
        <line num="113" type="stmt" count="3"/>
        <line num="114" type="stmt" count="3"/>
        <line num="115" type="stmt" count="3"/>
        <line num="116" type="stmt" count="3"/>
        <line num="117" type="stmt" count="3"/>
        <line num="120" type="method" name="getTimeline" visibility="public" complexity="1" crap="1" count="1"/>
        <line num="123" type="stmt" count="1"/>
        <line num="124" type="stmt" count="1"/>
        <line num="125" type="stmt" count="1"/>
        <line num="126" type="stmt" count="1"/>
        <line num="127" type="stmt" count="1"/>
        <line num="128" type="stmt" count="1"/>
        <line num="129" type="stmt" count="1"/>
        <line num="137" type="method" name="getAuthorFeed" visibility="public" complexity="1" crap="1" count="1"/>
        <line num="140" type="stmt" count="1"/>
        <line num="141" type="stmt" count="1"/>
        <line num="142" type="stmt" count="1"/>
        <line num="143" type="stmt" count="1"/>
        <line num="144" type="stmt" count="1"/>
        <line num="145" type="stmt" count="1"/>
        <line num="146" type="stmt" count="1"/>
        <line num="147" type="stmt" count="1"/>
        <line num="148" type="stmt" count="1"/>
        <line num="151" type="method" name="searchPosts" visibility="public" complexity="1" crap="1" count="1"/>
        <line num="154" type="stmt" count="1"/>
        <line num="155" type="stmt" count="1"/>
        <line num="156" type="stmt" count="1"/>
        <line num="157" type="stmt" count="1"/>
        <line num="158" type="stmt" count="1"/>
        <line num="159" type="stmt" count="1"/>
        <line num="160" type="stmt" count="1"/>
        <line num="161" type="stmt" count="1"/>
        <line num="162" type="stmt" count="1"/>
        <line num="163" type="stmt" count="1"/>
        <line num="164" type="stmt" count="1"/>
        <line num="165" type="stmt" count="1"/>
        <line num="166" type="stmt" count="1"/>
        <line num="167" type="stmt" count="1"/>
        <line num="168" type="stmt" count="1"/>
        <line num="169" type="stmt" count="1"/>
        <line num="177" type="method" name="getProfile" visibility="public" complexity="1" crap="1" count="3"/>
        <line num="180" type="stmt" count="3"/>
        <line num="181" type="stmt" count="3"/>
        <line num="182" type="stmt" count="3"/>
        <line num="183" type="stmt" count="3"/>
        <line num="184" type="stmt" count="3"/>
        <line num="207" type="method" name="upsertProfile" visibility="public" complexity="1" crap="1" count="1"/>
        <line num="210" type="stmt" count="1"/>
        <line num="211" type="stmt" count="1"/>
        <line num="212" type="stmt" count="1"/>
        <line num="213" type="stmt" count="1"/>
        <line num="214" type="stmt" count="1"/>
        <line num="216" type="stmt" count="1"/>
        <line num="217" type="stmt" count="1"/>
        <line num="219" type="stmt" count="1"/>
        <line num="220" type="stmt" count="1"/>
        <line num="221" type="stmt" count="1"/>
        <line num="222" type="stmt" count="1"/>
        <line num="223" type="stmt" count="1"/>
        <line num="224" type="stmt" count="1"/>
        <line num="225" type="stmt" count="1"/>
        <line num="233" type="method" name="post" visibility="public" complexity="2" crap="2" count="5"/>
        <line num="236" type="stmt" count="5"/>
        <line num="238" type="stmt" count="5"/>
        <line num="239" type="stmt" count="5"/>
        <line num="240" type="stmt" count="5"/>
        <line num="241" type="stmt" count="5"/>
        <line num="242" type="stmt" count="5"/>
        <line num="248" type="method" name="getPost" visibility="public" complexity="2" crap="2.01" count="1"/>
        <line num="250" type="stmt" count="1"/>
        <line num="252" type="stmt" count="1"/>
        <line num="253" type="stmt" count="0"/>
        <line num="256" type="stmt" count="1"/>
        <line num="257" type="stmt" count="1"/>
        <line num="258" type="stmt" count="1"/>
        <line num="259" type="stmt" count="1"/>
        <line num="260" type="stmt" count="1"/>
        <line num="261" type="stmt" count="1"/>
        <line num="267" type="method" name="getPosts" visibility="public" complexity="1" crap="1" count="1"/>
        <line num="269" type="stmt" count="1"/>
        <line num="270" type="stmt" count="1"/>
        <line num="271" type="stmt" count="1"/>
        <line num="272" type="stmt" count="1"/>
        <line num="278" type="method" name="deletePost" visibility="public" complexity="1" crap="1" count="1"/>
        <line num="280" type="stmt" count="1"/>
        <line num="282" type="stmt" count="1"/>
        <line num="284" type="stmt" count="1"/>
        <line num="285" type="stmt" count="1"/>
        <line num="286" type="stmt" count="1"/>
        <line num="287" type="stmt" count="1"/>
        <line num="288" type="stmt" count="1"/>
        <line num="296" type="method" name="getActorLikes" visibility="public" complexity="1" crap="1" count="1"/>
        <line num="298" type="stmt" count="1"/>
        <line num="299" type="stmt" count="1"/>
        <line num="300" type="stmt" count="1"/>
        <line num="301" type="stmt" count="1"/>
        <line num="302" type="stmt" count="1"/>
        <line num="303" type="stmt" count="1"/>
        <line num="309" type="method" name="like" visibility="public" complexity="2" crap="2" count="2"/>
        <line num="312" type="stmt" count="2"/>
        <line num="314" type="stmt" count="2"/>
        <line num="315" type="stmt" count="2"/>
        <line num="316" type="stmt" count="2"/>
        <line num="317" type="stmt" count="2"/>
        <line num="318" type="stmt" count="2"/>
        <line num="326" type="method" name="deleteLike" visibility="public" complexity="1" crap="1" count="1"/>
        <line num="328" type="stmt" count="1"/>
        <line num="330" type="stmt" count="1"/>
        <line num="332" type="stmt" count="1"/>
        <line num="333" type="stmt" count="1"/>
        <line num="334" type="stmt" count="1"/>
        <line num="335" type="stmt" count="1"/>
        <line num="336" type="stmt" count="1"/>
        <line num="342" type="method" name="repost" visibility="public" complexity="2" crap="2" count="2"/>
        <line num="345" type="stmt" count="2"/>
        <line num="347" type="stmt" count="2"/>
        <line num="348" type="stmt" count="2"/>
        <line num="349" type="stmt" count="2"/>
        <line num="350" type="stmt" count="2"/>
        <line num="351" type="stmt" count="2"/>
        <line num="357" type="method" name="deleteRepost" visibility="public" complexity="1" crap="2" count="0"/>
        <line num="359" type="stmt" count="0"/>
        <line num="361" type="stmt" count="0"/>
        <line num="363" type="stmt" count="0"/>
        <line num="364" type="stmt" count="0"/>
        <line num="365" type="stmt" count="0"/>
        <line num="366" type="stmt" count="0"/>
        <line num="367" type="stmt" count="0"/>
        <line num="375" type="method" name="getFollowers" visibility="public" complexity="1" crap="1" count="1"/>
        <line num="377" type="stmt" count="1"/>
        <line num="378" type="stmt" count="1"/>
        <line num="379" type="stmt" count="1"/>
        <line num="380" type="stmt" count="1"/>
        <line num="381" type="stmt" count="1"/>
        <line num="382" type="stmt" count="1"/>
        <line num="390" type="method" name="getFollows" visibility="public" complexity="1" crap="1" count="1"/>
        <line num="392" type="stmt" count="1"/>
        <line num="393" type="stmt" count="1"/>
        <line num="394" type="stmt" count="1"/>
        <line num="395" type="stmt" count="1"/>
        <line num="396" type="stmt" count="1"/>
        <line num="397" type="stmt" count="1"/>
        <line num="403" type="method" name="follow" visibility="public" complexity="2" crap="2" count="1"/>
        <line num="406" type="stmt" count="1"/>
        <line num="408" type="stmt" count="1"/>
        <line num="409" type="stmt" count="1"/>
        <line num="410" type="stmt" count="1"/>
        <line num="411" type="stmt" count="1"/>
        <line num="412" type="stmt" count="1"/>
        <line num="420" type="method" name="deleteFollow" visibility="public" complexity="1" crap="2" count="0"/>
        <line num="422" type="stmt" count="0"/>
        <line num="424" type="stmt" count="0"/>
        <line num="426" type="stmt" count="0"/>
        <line num="427" type="stmt" count="0"/>
        <line num="428" type="stmt" count="0"/>
        <line num="429" type="stmt" count="0"/>
        <line num="430" type="stmt" count="0"/>
        <line num="436" type="method" name="uploadBlob" visibility="public" complexity="1" crap="1" count="1"/>
        <line num="439" type="stmt" count="1"/>
        <line num="440" type="stmt" count="1"/>
        <line num="441" type="stmt" count="1"/>
        <line num="469" type="method" name="uploadVideo" visibility="public" complexity="1" crap="1" count="1"/>
        <line num="473" type="stmt" count="1"/>
        <line num="474" type="stmt" count="1"/>
        <line num="476" type="stmt" count="1"/>
        <line num="477" type="stmt" count="1"/>
        <line num="479" type="stmt" count="1"/>
        <line num="480" type="stmt" count="1"/>
        <line num="481" type="stmt" count="1"/>
        <line num="482" type="stmt" count="1"/>
        <line num="483" type="stmt" count="1"/>
        <line num="484" type="stmt" count="1"/>
        <line num="485" type="stmt" count="1"/>
        <line num="491" type="method" name="getJobStatus" visibility="public" complexity="1" crap="1" count="1"/>
        <line num="494" type="stmt" count="1"/>
        <line num="495" type="stmt" count="1"/>
        <line num="497" type="stmt" count="1"/>
        <line num="498" type="stmt" count="1"/>
        <line num="500" type="stmt" count="1"/>
        <line num="501" type="stmt" count="1"/>
        <line num="502" type="stmt" count="1"/>
        <line num="505" type="method" name="getUploadLimits" visibility="public" complexity="1" crap="1" count="1"/>
        <line num="508" type="stmt" count="1"/>
        <line num="509" type="stmt" count="1"/>
        <line num="511" type="stmt" count="1"/>
        <line num="512" type="stmt" count="1"/>
        <line num="513" type="stmt" count="1"/>
        <line num="527" type="method" name="getServiceAuth" visibility="public" complexity="1" crap="1" count="3"/>
        <line num="530" type="stmt" count="3"/>
        <line num="531" type="stmt" count="3"/>
        <line num="542" type="method" name="publishFeedGenerator" visibility="public" complexity="1" crap="2" count="0"/>
        <line num="545" type="stmt" count="0"/>
        <line num="546" type="stmt" count="0"/>
        <line num="547" type="stmt" count="0"/>
        <line num="548" type="stmt" count="0"/>
        <line num="549" type="stmt" count="0"/>
        <line num="550" type="stmt" count="0"/>
        <line num="564" type="method" name="createThreadGate" visibility="public" complexity="1" crap="2" count="0"/>
        <line num="566" type="stmt" count="0"/>
        <line num="568" type="stmt" count="0"/>
        <line num="570" type="stmt" count="0"/>
        <line num="572" type="stmt" count="0"/>
        <line num="573" type="stmt" count="0"/>
        <line num="574" type="stmt" count="0"/>
        <line num="575" type="stmt" count="0"/>
        <line num="576" type="stmt" count="0"/>
        <line num="577" type="stmt" count="0"/>
        <line num="583" type="method" name="resolveHandle" visibility="public" complexity="1" crap="1" count="5"/>
        <line num="586" type="stmt" count="5"/>
        <line num="587" type="stmt" count="5"/>
        <line num="590" type="method" name="listNotifications" visibility="public" complexity="1" crap="1" count="1"/>
        <line num="593" type="stmt" count="1"/>
        <line num="594" type="stmt" count="1"/>
        <line num="595" type="stmt" count="1"/>
        <line num="596" type="stmt" count="1"/>
        <line num="597" type="stmt" count="1"/>
        <line num="598" type="stmt" count="1"/>
        <line num="599" type="stmt" count="1"/>
        <line num="600" type="stmt" count="1"/>
        <line num="601" type="stmt" count="1"/>
        <line num="604" type="method" name="countUnreadNotifications" visibility="public" complexity="1" crap="1" count="1"/>
        <line num="607" type="stmt" count="1"/>
        <line num="608" type="stmt" count="1"/>
        <line num="609" type="stmt" count="1"/>
        <line num="610" type="stmt" count="1"/>
        <line num="611" type="stmt" count="1"/>
        <line num="612" type="stmt" count="1"/>
        <line num="615" type="method" name="updateSeenNotifications" visibility="public" complexity="1" crap="1" count="1"/>
        <line num="617" type="stmt" count="1"/>
        <line num="618" type="stmt" count="1"/>
        <line num="619" type="stmt" count="1"/>
        <line num="620" type="stmt" count="1"/>
        <line num="621" type="stmt" count="1"/>
        <line num="627" type="method" name="upsertLabelDefinitions" visibility="public" complexity="1" crap="2" count="0"/>
        <line num="629" type="stmt" count="0"/>
        <line num="630" type="stmt" count="0"/>
        <line num="631" type="stmt" count="0"/>
        <line num="632" type="stmt" count="0"/>
        <line num="633" type="stmt" count="0"/>
        <line num="635" type="stmt" count="0"/>
        <line num="637" type="stmt" count="0"/>
        <line num="638" type="stmt" count="0"/>
        <line num="639" type="stmt" count="0"/>
        <line num="640" type="stmt" count="0"/>
        <line num="641" type="stmt" count="0"/>
        <line num="642" type="stmt" count="0"/>
        <line num="643" type="stmt" count="0"/>
        <line num="646" type="method" name="deleteLabelDefinitions" visibility="public" complexity="1" crap="2" count="0"/>
        <line num="648" type="stmt" count="0"/>
        <line num="649" type="stmt" count="0"/>
        <line num="650" type="stmt" count="0"/>
        <line num="651" type="stmt" count="0"/>
        <line num="652" type="stmt" count="0"/>
        <line num="671" type="method" name="createLabels" visibility="public" complexity="1" crap="2" count="0"/>
        <line num="673" type="stmt" count="0"/>
        <line num="674" type="stmt" count="0"/>
        <line num="675" type="stmt" count="0"/>
        <line num="676" type="stmt" count="0"/>
        <line num="677" type="stmt" count="0"/>
        <line num="679" type="stmt" count="0"/>
        <line num="680" type="stmt" count="0"/>
        <line num="681" type="stmt" count="0"/>
        <line num="682" type="stmt" count="0"/>
        <line num="685" type="method" name="deleteLabels" visibility="public" complexity="1" crap="2" count="0"/>
        <line num="687" type="stmt" count="0"/>
        <line num="688" type="stmt" count="0"/>
        <line num="689" type="stmt" count="0"/>
        <line num="690" type="stmt" count="0"/>
        <line num="691" type="stmt" count="0"/>
        <line num="693" type="stmt" count="0"/>
        <line num="694" type="stmt" count="0"/>
        <line num="695" type="stmt" count="0"/>
        <line num="696" type="stmt" count="0"/>
        <line num="699" type="method" name="emitEventLabel" visibility="private" complexity="2" crap="6" count="0"/>
        <line num="701" type="stmt" count="0"/>
        <line num="703" type="stmt" count="0"/>
        <line num="705" type="stmt" count="0"/>
        <line num="706" type="stmt" count="0"/>
        <line num="707" type="stmt" count="0"/>
        <line num="708" type="stmt" count="0"/>
        <line num="709" type="stmt" count="0"/>
        <line num="710" type="stmt" count="0"/>
        <line num="711" type="stmt" count="0"/>
        <line num="712" type="stmt" count="0"/>
        <metrics loc="715" ncloc="545" classes="1" methods="39" coveredmethods="29" conditionals="0" coveredconditionals="0" statements="289" coveredstatements="213" elements="328" coveredelements="242"/>
      </file>
    </package>
    <package name="Revolution\Bluesky\Casts">
      <file name="/home/runner/work/laravel-bluesky/laravel-bluesky/src/Casts/AtBytesObject.php">
        <class name="Revolution\Bluesky\Casts\AtBytesObject" namespace="Revolution\Bluesky\Casts">
          <metrics complexity="3" methods="2" coveredmethods="0" conditionals="0" coveredconditionals="0" statements="2" coveredstatements="0" elements="4" coveredelements="0"/>
        </class>
        <line num="18" type="method" name="get" visibility="public" complexity="1" crap="2" count="0"/>
        <line num="20" type="stmt" count="0"/>
        <line num="28" type="method" name="set" visibility="public" complexity="2" crap="6" count="0"/>
        <line num="30" type="stmt" count="0"/>
        <metrics loc="33" ncloc="23" classes="1" methods="2" coveredmethods="0" conditionals="0" coveredconditionals="0" statements="2" coveredstatements="0" elements="4" coveredelements="0"/>
      </file>
    </package>
    <package name="Revolution\Bluesky\Client">
      <file name="/home/runner/work/laravel-bluesky/laravel-bluesky/src/Client/AtpClient.php">
        <class name="Revolution\Bluesky\Client\AtpClient" namespace="Revolution\Bluesky\Client">
          <metrics complexity="12" methods="9" coveredmethods="5" conditionals="0" coveredconditionals="0" statements="22" coveredstatements="17" elements="31" coveredelements="22"/>
        </class>
        <line num="37" type="method" name="video" visibility="public" complexity="1" crap="1" count="3"/>
        <line num="39" type="stmt" count="3"/>
        <line num="47" type="method" name="chat" visibility="public" complexity="1" crap="1" count="3"/>
        <line num="49" type="stmt" count="3"/>
        <line num="50" type="stmt" count="3"/>
        <line num="51" type="stmt" count="3"/>
        <line num="59" type="method" name="atproto" visibility="public" complexity="1" crap="1" count="42"/>
        <line num="61" type="stmt" count="42"/>
        <line num="69" type="method" name="bsky" visibility="public" complexity="1" crap="1" count="10"/>
        <line num="71" type="stmt" count="10"/>
        <line num="72" type="stmt" count="10"/>
        <line num="73" type="stmt" count="10"/>
        <line num="74" type="stmt" count="10"/>
        <line num="75" type="stmt" count="9"/>
        <line num="76" type="stmt" count="10"/>
        <line num="84" type="method" name="notification" visibility="public" complexity="1" crap="1" count="3"/>
        <line num="86" type="stmt" count="3"/>
        <line num="94" type="method" name="admin" visibility="public" complexity="1" crap="2" count="0"/>
        <line num="96" type="stmt" count="0"/>
        <line num="104" type="method" name="sync" visibility="public" complexity="1" crap="2" count="0"/>
        <line num="106" type="stmt" count="0"/>
        <line num="114" type="method" name="ozone" visibility="public" complexity="1" crap="2" count="0"/>
        <line num="116" type="stmt" count="0"/>
        <line num="126" type="method" name="__call" visibility="public" complexity="4" crap="4.37" count="42"/>
        <line num="128" type="stmt" count="42"/>
        <line num="129" type="stmt" count="0"/>
        <line num="132" type="stmt" count="42"/>
        <line num="133" type="stmt" count="42"/>
        <line num="136" type="stmt" count="4"/>
        <line num="137" type="stmt" count="4"/>
        <line num="140" type="stmt" count="0"/>
        <metrics loc="143" ncloc="94" classes="1" methods="9" coveredmethods="5" conditionals="0" coveredconditionals="0" statements="22" coveredstatements="17" elements="31" coveredelements="22"/>
      </file>
      <file name="/home/runner/work/laravel-bluesky/laravel-bluesky/src/Client/HasHttp.php">
        <class name="Revolution\Bluesky\Client\HasHttp" namespace="Revolution\Bluesky\Client">
          <metrics complexity="11" methods="8" coveredmethods="7" conditionals="0" coveredconditionals="0" statements="26" coveredstatements="24" elements="34" coveredelements="31"/>
        </class>
        <line num="25" type="method" name="call" visibility="protected" complexity="2" crap="2" count="46"/>
        <line num="27" type="stmt" count="46"/>
        <line num="28" type="stmt" count="46"/>
        <line num="29" type="stmt" count="46"/>
        <line num="31" type="stmt" count="46"/>
        <line num="32" type="stmt" count="2"/>
        <line num="35" type="stmt" count="46"/>
        <line num="54" type="method" name="params" visibility="protected" complexity="3" crap="3.07" count="46"/>
        <line num="56" type="stmt" count="46"/>
        <line num="57" type="stmt" count="0"/>
        <line num="60" type="stmt" count="46"/>
        <line num="62" type="stmt" count="46"/>
        <line num="63" type="stmt" count="0"/>
        <line num="66" type="stmt" count="46"/>
        <line num="68" type="stmt" count="46"/>
        <line num="69" type="stmt" count="46"/>
        <line num="70" type="stmt" count="46"/>
        <line num="71" type="stmt" count="46"/>
        <line num="74" type="method" name="http" visibility="protected" complexity="1" crap="1" count="46"/>
        <line num="76" type="stmt" count="46"/>
        <line num="79" type="method" name="withHttp" visibility="public" complexity="1" crap="1" count="46"/>
        <line num="81" type="stmt" count="46"/>
        <line num="83" type="stmt" count="46"/>
        <line num="94" type="method" name="baseUrl" visibility="public" complexity="1" crap="1" count="41"/>
        <line num="96" type="stmt" count="41"/>
        <line num="98" type="stmt" count="41"/>
        <line num="104" type="method" name="withBody" visibility="public" complexity="1" crap="1" count="1"/>
        <line num="106" type="stmt" count="1"/>
        <line num="108" type="stmt" count="1"/>
        <line num="118" type="method" name="withHeader" visibility="public" complexity="1" crap="1" count="13"/>
        <line num="120" type="stmt" count="13"/>
        <line num="122" type="stmt" count="13"/>
        <line num="132" type="method" name="withServiceProxy" visibility="public" complexity="1" crap="1" count="13"/>
        <line num="134" type="stmt" count="13"/>
        <metrics loc="137" ncloc="96" classes="1" methods="8" coveredmethods="7" conditionals="0" coveredconditionals="0" statements="26" coveredstatements="24" elements="34" coveredelements="31"/>
      </file>
    </package>
    <package name="Revolution\Bluesky\Client\SubClient">
      <file name="/home/runner/work/laravel-bluesky/laravel-bluesky/src/Client/SubClient/AdminClient.php">
        <class name="Revolution\Bluesky\Client\SubClient\AdminClient" namespace="Revolution\Bluesky\Client\SubClient">
          <metrics complexity="0" methods="0" coveredmethods="0" conditionals="0" coveredconditionals="0" statements="0" coveredstatements="0" elements="0" coveredelements="0"/>
        </class>
        <metrics loc="17" ncloc="17" classes="0" methods="0" coveredmethods="0" conditionals="0" coveredconditionals="0" statements="0" coveredstatements="0" elements="0" coveredelements="0"/>
      </file>
      <file name="/home/runner/work/laravel-bluesky/laravel-bluesky/src/Client/SubClient/AtProtoClient.php">
        <class name="Revolution\Bluesky\Client\SubClient\AtProtoClient" namespace="Revolution\Bluesky\Client\SubClient">
          <metrics complexity="0" methods="0" coveredmethods="0" conditionals="0" coveredconditionals="0" statements="0" coveredstatements="0" elements="0" coveredelements="0"/>
        </class>
        <metrics loc="33" ncloc="33" classes="0" methods="0" coveredmethods="0" conditionals="0" coveredconditionals="0" statements="0" coveredstatements="0" elements="0" coveredelements="0"/>
      </file>
      <file name="/home/runner/work/laravel-bluesky/laravel-bluesky/src/Client/SubClient/BskyClient.php">
        <class name="Revolution\Bluesky\Client\SubClient\BskyClient" namespace="Revolution\Bluesky\Client\SubClient">
          <metrics complexity="0" methods="0" coveredmethods="0" conditionals="0" coveredconditionals="0" statements="0" coveredstatements="0" elements="0" coveredelements="0"/>
        </class>
        <metrics loc="32" ncloc="32" classes="0" methods="0" coveredmethods="0" conditionals="0" coveredconditionals="0" statements="0" coveredstatements="0" elements="0" coveredelements="0"/>
      </file>
      <file name="/home/runner/work/laravel-bluesky/laravel-bluesky/src/Client/SubClient/BskyNotification.php">
        <class name="Revolution\Bluesky\Client\SubClient\BskyNotification" namespace="Revolution\Bluesky\Client\SubClient">
          <metrics complexity="0" methods="0" coveredmethods="0" conditionals="0" coveredconditionals="0" statements="0" coveredstatements="0" elements="0" coveredelements="0"/>
        </class>
        <metrics loc="17" ncloc="17" classes="0" methods="0" coveredmethods="0" conditionals="0" coveredconditionals="0" statements="0" coveredstatements="0" elements="0" coveredelements="0"/>
      </file>
      <file name="/home/runner/work/laravel-bluesky/laravel-bluesky/src/Client/SubClient/ChatClient.php">
        <class name="Revolution\Bluesky\Client\SubClient\ChatClient" namespace="Revolution\Bluesky\Client\SubClient">
          <metrics complexity="0" methods="0" coveredmethods="0" conditionals="0" coveredconditionals="0" statements="0" coveredstatements="0" elements="0" coveredelements="0"/>
        </class>
        <metrics loc="34" ncloc="29" classes="0" methods="0" coveredmethods="0" conditionals="0" coveredconditionals="0" statements="0" coveredstatements="0" elements="0" coveredelements="0"/>
      </file>
      <file name="/home/runner/work/laravel-bluesky/laravel-bluesky/src/Client/SubClient/OzoneClient.php">
        <class name="Revolution\Bluesky\Client\SubClient\OzoneClient" namespace="Revolution\Bluesky\Client\SubClient">
          <metrics complexity="0" methods="0" coveredmethods="0" conditionals="0" coveredconditionals="0" statements="0" coveredstatements="0" elements="0" coveredelements="0"/>
        </class>
        <metrics loc="35" ncloc="35" classes="0" methods="0" coveredmethods="0" conditionals="0" coveredconditionals="0" statements="0" coveredstatements="0" elements="0" coveredelements="0"/>
      </file>
      <file name="/home/runner/work/laravel-bluesky/laravel-bluesky/src/Client/SubClient/SyncClient.php">
        <class name="Revolution\Bluesky\Client\SubClient\SyncClient" namespace="Revolution\Bluesky\Client\SubClient">
          <metrics complexity="0" methods="0" coveredmethods="0" conditionals="0" coveredconditionals="0" statements="0" coveredstatements="0" elements="0" coveredelements="0"/>
        </class>
        <metrics loc="17" ncloc="17" classes="0" methods="0" coveredmethods="0" conditionals="0" coveredconditionals="0" statements="0" coveredstatements="0" elements="0" coveredelements="0"/>
      </file>
      <file name="/home/runner/work/laravel-bluesky/laravel-bluesky/src/Client/SubClient/VideoClient.php">
        <class name="Revolution\Bluesky\Client\SubClient\VideoClient" namespace="Revolution\Bluesky\Client\SubClient">
          <metrics complexity="11" methods="4" coveredmethods="2" conditionals="0" coveredconditionals="0" statements="24" coveredstatements="15" elements="28" coveredelements="17"/>
        </class>
        <line num="33" type="method" name="withServiceAuthToken" visibility="public" complexity="1" crap="1" count="3"/>
        <line num="35" type="stmt" count="3"/>
        <line num="36" type="stmt" count="3"/>
        <line num="38" type="stmt" count="3"/>
        <line num="46" type="method" name="upload" visibility="public" complexity="1" crap="1" count="1"/>
        <line num="49" type="stmt" count="1"/>
        <line num="51" type="stmt" count="1"/>
        <line num="52" type="stmt" count="1"/>
        <line num="53" type="stmt" count="1"/>
        <line num="54" type="stmt" count="1"/>
        <line num="55" type="stmt" count="1"/>
        <line num="56" type="stmt" count="1"/>
        <line num="57" type="stmt" count="1"/>
        <line num="58" type="stmt" count="1"/>
        <line num="61" type="method" name="ext" visibility="protected" complexity="2" crap="2.06" count="1"/>
        <line num="64" type="stmt" count="1"/>
        <line num="66" type="stmt" count="1"/>
        <line num="67" type="stmt" count="0"/>
        <line num="70" type="stmt" count="1"/>
        <line num="73" type="method" name="mimeToExt" visibility="protected" complexity="7" crap="56" count="0"/>
        <line num="75" type="stmt" count="0"/>
        <line num="76" type="stmt" count="0"/>
        <line num="77" type="stmt" count="0"/>
        <line num="78" type="stmt" count="0"/>
        <line num="79" type="stmt" count="0"/>
        <line num="80" type="stmt" count="0"/>
        <line num="81" type="stmt" count="0"/>
        <line num="82" type="stmt" count="0"/>
        <metrics loc="85" ncloc="75" classes="1" methods="4" coveredmethods="2" conditionals="0" coveredconditionals="0" statements="24" coveredstatements="15" elements="28" coveredelements="17"/>
      </file>
    </package>
    <file name="/home/runner/work/laravel-bluesky/laravel-bluesky/src/Contracts/Agent.php">
      <metrics loc="31" ncloc="28" classes="0" methods="0" coveredmethods="0" conditionals="0" coveredconditionals="0" statements="0" coveredstatements="0" elements="0" coveredelements="0"/>
    </file>
    <file name="/home/runner/work/laravel-bluesky/laravel-bluesky/src/Contracts/Factory.php">
      <metrics loc="26" ncloc="26" classes="0" methods="0" coveredmethods="0" conditionals="0" coveredconditionals="0" statements="0" coveredstatements="0" elements="0" coveredelements="0"/>
    </file>
    <file name="/home/runner/work/laravel-bluesky/laravel-bluesky/src/Contracts/FeedGeneratorAlgorithm.php">
      <metrics loc="13" ncloc="13" classes="0" methods="0" coveredmethods="0" conditionals="0" coveredconditionals="0" statements="0" coveredstatements="0" elements="0" coveredelements="0"/>
    </file>
    <file name="/home/runner/work/laravel-bluesky/laravel-bluesky/src/Contracts/Recordable.php">
      <metrics loc="11" ncloc="11" classes="0" methods="0" coveredmethods="0" conditionals="0" coveredconditionals="0" statements="0" coveredstatements="0" elements="0" coveredelements="0"/>
    </file>
    <file name="/home/runner/work/laravel-bluesky/laravel-bluesky/src/Contracts/XrpcClient.php">
      <metrics loc="20" ncloc="20" classes="0" methods="0" coveredmethods="0" conditionals="0" coveredconditionals="0" statements="0" coveredstatements="0" elements="0" coveredelements="0"/>
    </file>
    <package name="Revolution\Bluesky\Core">
      <file name="/home/runner/work/laravel-bluesky/laravel-bluesky/src/Core/CAR.php">
        <class name="Revolution\Bluesky\Core\CAR" namespace="Revolution\Bluesky\Core">
          <metrics complexity="32" methods="10" coveredmethods="7" conditionals="0" coveredconditionals="0" statements="107" coveredstatements="100" elements="117" coveredelements="107"/>
        </class>
        <line num="50" type="method" name="decode" visibility="public" complexity="2" crap="2" count="3"/>
        <line num="52" type="stmt" count="3"/>
        <line num="54" type="stmt" count="3"/>
        <line num="56" type="stmt" count="3"/>
        <line num="58" type="stmt" count="3"/>
        <line num="60" type="stmt" count="3"/>
        <line num="62" type="stmt" count="3"/>
        <line num="70" type="method" name="decodeHeader" visibility="public" complexity="2" crap="2" count="6"/>
        <line num="72" type="stmt" count="6"/>
        <line num="74" type="stmt" count="6"/>
        <line num="76" type="stmt" count="6"/>
        <line num="78" type="stmt" count="6"/>
        <line num="80" type="stmt" count="6"/>
        <line num="82" type="stmt" count="6"/>
        <line num="90" type="method" name="decodeRoots" visibility="public" complexity="1" crap="1" count="6"/>
        <line num="92" type="stmt" count="6"/>
        <line num="94" type="stmt" count="6"/>
        <line num="114" type="method" name="blockIterator" visibility="public" complexity="5" crap="5" count="8"/>
        <line num="116" type="stmt" count="8"/>
        <line num="118" type="stmt" count="8"/>
        <line num="120" type="stmt" count="8"/>
        <line num="122" type="stmt" count="8"/>
        <line num="123" type="stmt" count="8"/>
        <line num="125" type="stmt" count="8"/>
        <line num="127" type="stmt" count="8"/>
        <line num="128" type="stmt" count="8"/>
        <line num="130" type="stmt" count="8"/>
        <line num="132" type="stmt" count="8"/>
        <line num="134" type="stmt" count="8"/>
        <line num="136" type="stmt" count="8"/>
        <line num="138" type="stmt" count="3"/>
        <line num="141" type="stmt" count="8"/>
        <line num="144" type="stmt" count="8"/>
        <line num="145" type="stmt" count="8"/>
        <line num="153" type="method" name="decodeBlockV1" visibility="private" complexity="6" crap="6.17" count="8"/>
        <line num="155" type="stmt" count="8"/>
        <line num="157" type="stmt" count="8"/>
        <line num="159" type="stmt" count="8"/>
        <line num="161" type="stmt" count="8"/>
        <line num="162" type="stmt" count="0"/>
        <line num="165" type="stmt" count="8"/>
        <line num="166" type="stmt" count="8"/>
        <line num="167" type="stmt" count="8"/>
        <line num="169" type="stmt" count="8"/>
        <line num="171" type="stmt" count="8"/>
        <line num="172" type="stmt" count="8"/>
        <line num="173" type="stmt" count="8"/>
        <line num="175" type="stmt" count="8"/>
        <line num="176" type="stmt" count="8"/>
        <line num="178" type="stmt" count="8"/>
        <line num="179" type="stmt" count="3"/>
        <line num="180" type="stmt" count="0"/>
        <line num="183" type="stmt" count="3"/>
        <line num="184" type="stmt" count="8"/>
        <line num="185" type="stmt" count="8"/>
        <line num="186" type="stmt" count="0"/>
        <line num="189" type="stmt" count="8"/>
        <line num="191" type="stmt" count="0"/>
        <line num="194" type="stmt" count="8"/>
        <line num="200" type="method" name="decodeBlockV0" visibility="private" complexity="1" crap="1" count="3"/>
        <line num="202" type="stmt" count="3"/>
        <line num="208" type="stmt" count="3"/>
        <line num="209" type="stmt" count="3"/>
        <line num="210" type="stmt" count="3"/>
        <line num="212" type="stmt" count="3"/>
        <line num="214" type="stmt" count="3"/>
        <line num="216" type="stmt" count="3"/>
        <line num="235" type="method" name="blockMap" visibility="public" complexity="3" crap="3" count="2"/>
        <line num="237" type="stmt" count="2"/>
        <line num="239" type="stmt" count="2"/>
        <line num="241" type="stmt" count="2"/>
        <line num="243" type="stmt" count="2"/>
        <line num="244" type="stmt" count="2"/>
        <line num="246" type="stmt" count="2"/>
        <line num="247" type="stmt" count="1"/>
        <line num="248" type="stmt" count="1"/>
        <line num="255" type="method" name="walkEntries" visibility="private" complexity="5" crap="5" count="1"/>
        <line num="257" type="stmt" count="1"/>
        <line num="259" type="stmt" count="1"/>
        <line num="261" type="stmt" count="1"/>
        <line num="263" type="stmt" count="1"/>
        <line num="264" type="stmt" count="1"/>
        <line num="267" type="stmt" count="1"/>
        <line num="269" type="stmt" count="1"/>
        <line num="270" type="stmt" count="1"/>
        <line num="272" type="stmt" count="1"/>
        <line num="274" type="stmt" count="1"/>
        <line num="275" type="stmt" count="1"/>
        <line num="276" type="stmt" count="1"/>
        <line num="277" type="stmt" count="1"/>
        <line num="280" type="stmt" count="1"/>
        <line num="281" type="stmt" count="1"/>
        <line num="282" type="stmt" count="1"/>
        <line num="284" type="stmt" count="1"/>
        <line num="286" type="stmt" count="1"/>
        <line num="287" type="stmt" count="1"/>
        <line num="299" type="method" name="signedCommit" visibility="public" complexity="4" crap="4.25" count="1"/>
        <line num="301" type="stmt" count="1"/>
        <line num="302" type="stmt" count="1"/>
        <line num="304" type="stmt" count="1"/>
        <line num="305" type="stmt" count="1"/>
        <line num="306" type="stmt" count="1"/>
        <line num="307" type="stmt" count="1"/>
        <line num="310" type="stmt" count="0"/>
        <line num="314" type="stmt" count="0"/>
        <line num="328" type="method" name="verifySignedCommit" visibility="public" complexity="3" crap="3.01" count="2"/>
        <line num="330" type="stmt" count="2"/>
        <line num="332" type="stmt" count="2"/>
        <line num="333" type="stmt" count="0"/>
        <line num="336" type="stmt" count="2"/>
        <line num="338" type="stmt" count="2"/>
        <line num="340" type="stmt" count="2"/>
        <line num="342" type="stmt" count="2"/>
        <line num="344" type="stmt" count="2"/>
        <line num="345" type="stmt" count="1"/>
        <line num="348" type="stmt" count="2"/>
        <line num="350" type="stmt" count="2"/>
        <metrics loc="353" ncloc="245" classes="1" methods="10" coveredmethods="7" conditionals="0" coveredconditionals="0" statements="107" coveredstatements="100" elements="117" coveredelements="107"/>
      </file>
      <file name="/home/runner/work/laravel-bluesky/laravel-bluesky/src/Core/CBOR.php">
        <class name="Revolution\Bluesky\Core\CBOR" namespace="Revolution\Bluesky\Core">
          <metrics complexity="5" methods="5" coveredmethods="5" conditionals="0" coveredconditionals="0" statements="5" coveredstatements="5" elements="10" coveredelements="10"/>
        </class>
        <line num="20" type="method" name="encode" visibility="public" complexity="1" crap="1" count="9"/>
        <line num="22" type="stmt" count="9"/>
        <line num="43" type="method" name="decodeFirst" visibility="public" complexity="1" crap="1" count="1"/>
        <line num="45" type="stmt" count="1"/>
        <line num="51" type="method" name="decode" visibility="public" complexity="1" crap="1" count="12"/>
        <line num="53" type="stmt" count="12"/>
        <line num="59" type="method" name="decodeAll" visibility="public" complexity="1" crap="1" count="1"/>
        <line num="61" type="stmt" count="1"/>
        <line num="64" type="method" name="normalize" visibility="public" complexity="1" crap="1" count="14"/>
        <line num="66" type="stmt" count="14"/>
        <metrics loc="69" ncloc="40" classes="1" methods="5" coveredmethods="5" conditionals="0" coveredconditionals="0" statements="5" coveredstatements="5" elements="10" coveredelements="10"/>
      </file>
      <file name="/home/runner/work/laravel-bluesky/laravel-bluesky/src/Core/CID.php">
        <class name="Revolution\Bluesky\Core\CID" namespace="Revolution\Bluesky\Core">
          <metrics complexity="29" methods="12" coveredmethods="10" conditionals="0" coveredconditionals="0" statements="71" coveredstatements="69" elements="83" coveredelements="79"/>
        </class>
        <line num="53" type="method" name="encode" visibility="public" complexity="3" crap="3" count="15"/>
        <line num="55" type="stmt" count="15"/>
        <line num="56" type="stmt" count="3"/>
        <line num="57" type="stmt" count="15"/>
        <line num="58" type="stmt" count="15"/>
        <line num="72" type="method" name="encodeV1" visibility="public" complexity="1" crap="1" count="15"/>
        <line num="74" type="stmt" count="15"/>
        <line num="75" type="stmt" count="15"/>
        <line num="77" type="stmt" count="15"/>
        <line num="78" type="stmt" count="15"/>
        <line num="79" type="stmt" count="15"/>
        <line num="80" type="stmt" count="15"/>
        <line num="82" type="stmt" count="15"/>
        <line num="84" type="stmt" count="15"/>
        <line num="92" type="method" name="encodeV0" visibility="public" complexity="1" crap="1" count="3"/>
        <line num="94" type="stmt" count="3"/>
        <line num="96" type="stmt" count="3"/>
        <line num="111" type="method" name="verify" visibility="public" complexity="3" crap="3.14" count="11"/>
        <line num="113" type="stmt" count="11"/>
        <line num="114" type="stmt" count="0"/>
        <line num="115" type="stmt" count="11"/>
        <line num="116" type="stmt" count="11"/>
        <line num="124" type="method" name="verifyV1" visibility="public" complexity="2" crap="2" count="11"/>
        <line num="127" type="stmt" count="11"/>
        <line num="128" type="stmt" count="1"/>
        <line num="131" type="stmt" count="11"/>
        <line num="139" type="method" name="verifyV0" visibility="public" complexity="1" crap="1" count="3"/>
        <line num="141" type="stmt" count="3"/>
        <line num="149" type="method" name="decode" visibility="public" complexity="3" crap="3" count="4"/>
        <line num="151" type="stmt" count="4"/>
        <line num="152" type="stmt" count="1"/>
        <line num="153" type="stmt" count="4"/>
        <line num="154" type="stmt" count="4"/>
        <line num="177" type="method" name="decodeV1" visibility="public" complexity="1" crap="1" count="4"/>
        <line num="179" type="stmt" count="4"/>
        <line num="181" type="stmt" count="4"/>
        <line num="182" type="stmt" count="4"/>
        <line num="183" type="stmt" count="4"/>
        <line num="184" type="stmt" count="4"/>
        <line num="185" type="stmt" count="4"/>
        <line num="187" type="stmt" count="4"/>
        <line num="188" type="stmt" count="4"/>
        <line num="189" type="stmt" count="4"/>
        <line num="190" type="stmt" count="4"/>
        <line num="191" type="stmt" count="4"/>
        <line num="192" type="stmt" count="4"/>
        <line num="193" type="stmt" count="4"/>
        <line num="214" type="method" name="decodeV0" visibility="public" complexity="2" crap="2" count="1"/>
        <line num="216" type="stmt" count="1"/>
        <line num="217" type="stmt" count="1"/>
        <line num="220" type="stmt" count="1"/>
        <line num="222" type="stmt" count="1"/>
        <line num="223" type="stmt" count="1"/>
        <line num="224" type="stmt" count="1"/>
        <line num="225" type="stmt" count="1"/>
        <line num="226" type="stmt" count="1"/>
        <line num="228" type="stmt" count="1"/>
        <line num="229" type="stmt" count="1"/>
        <line num="230" type="stmt" count="1"/>
        <line num="231" type="stmt" count="1"/>
        <line num="232" type="stmt" count="1"/>
        <line num="233" type="stmt" count="1"/>
        <line num="234" type="stmt" count="1"/>
        <line num="240" type="method" name="encodeBytes" visibility="public" complexity="4" crap="4" count="10"/>
        <line num="242" type="stmt" count="10"/>
        <line num="243" type="stmt" count="10"/>
        <line num="246" type="stmt" count="10"/>
        <line num="247" type="stmt" count="3"/>
        <line num="250" type="stmt" count="10"/>
        <line num="256" type="method" name="decodeBytes" visibility="public" complexity="3" crap="3" count="3"/>
        <line num="258" type="stmt" count="3"/>
        <line num="259" type="stmt" count="1"/>
        <line num="260" type="stmt" count="3"/>
        <line num="261" type="stmt" count="3"/>
        <line num="269" type="method" name="version" visibility="public" complexity="5" crap="5.05" count="16"/>
        <line num="271" type="stmt" count="16"/>
        <line num="272" type="stmt" count="3"/>
        <line num="275" type="stmt" count="15"/>
        <line num="277" type="stmt" count="15"/>
        <line num="279" type="stmt" count="14"/>
        <line num="280" type="stmt" count="0"/>
        <line num="283" type="stmt" count="14"/>
        <line num="285" type="stmt" count="14"/>
        <metrics loc="288" ncloc="172" classes="1" methods="12" coveredmethods="10" conditionals="0" coveredconditionals="0" statements="71" coveredstatements="69" elements="83" coveredelements="79"/>
      </file>
      <file name="/home/runner/work/laravel-bluesky/laravel-bluesky/src/Core/Protobuf.php">
        <class name="Revolution\Bluesky\Core\Protobuf" namespace="Revolution\Bluesky\Core">
          <metrics complexity="2" methods="2" coveredmethods="2" conditionals="0" coveredconditionals="0" statements="2" coveredstatements="2" elements="4" coveredelements="4"/>
        </class>
        <line num="24" type="method" name="encode" visibility="public" complexity="1" crap="1" count="1"/>
        <line num="26" type="stmt" count="1"/>
        <line num="29" type="method" name="decode" visibility="public" complexity="1" crap="1" count="3"/>
        <line num="31" type="stmt" count="3"/>
        <metrics loc="34" ncloc="24" classes="1" methods="2" coveredmethods="2" conditionals="0" coveredconditionals="0" statements="2" coveredstatements="2" elements="4" coveredelements="4"/>
      </file>
      <file name="/home/runner/work/laravel-bluesky/laravel-bluesky/src/Core/TID.php">
        <class name="Revolution\Bluesky\Core\TID" namespace="Revolution\Bluesky\Core">
          <metrics complexity="30" methods="17" coveredmethods="16" conditionals="0" coveredconditionals="0" statements="41" coveredstatements="40" elements="58" coveredelements="56"/>
        </class>
        <line num="31" type="method" name="__construct" visibility="public" complexity="2" crap="2" count="11"/>
        <line num="33" type="stmt" count="11"/>
        <line num="34" type="stmt" count="2"/>
        <line num="41" type="method" name="next" visibility="public" complexity="5" crap="5" count="6"/>
        <line num="45" type="stmt" count="6"/>
        <line num="47" type="stmt" count="6"/>
        <line num="48" type="stmt" count="2"/>
        <line num="51" type="stmt" count="6"/>
        <line num="53" type="stmt" count="6"/>
        <line num="54" type="stmt" count="1"/>
        <line num="57" type="stmt" count="6"/>
        <line num="59" type="stmt" count="6"/>
        <line num="60" type="stmt" count="6"/>
        <line num="63" type="stmt" count="1"/>
        <line num="77" type="method" name="nextStr" visibility="public" complexity="2" crap="2" count="3"/>
        <line num="79" type="stmt" count="3"/>
        <line num="86" type="method" name="fromTime" visibility="public" complexity="1" crap="1" count="9"/>
        <line num="88" type="stmt" count="9"/>
        <line num="89" type="stmt" count="9"/>
        <line num="91" type="stmt" count="9"/>
        <line num="94" type="method" name="fromStr" visibility="public" complexity="1" crap="1" count="5"/>
        <line num="96" type="stmt" count="5"/>
        <line num="99" type="method" name="is" visibility="public" complexity="3" crap="3.33" count="12"/>
        <line num="101" type="stmt" count="12"/>
        <line num="102" type="stmt" count="0"/>
        <line num="105" type="stmt" count="12"/>
        <line num="115" type="method" name="timestamp" visibility="public" complexity="1" crap="1" count="4"/>
        <line num="117" type="stmt" count="4"/>
        <line num="120" type="method" name="clockId" visibility="public" complexity="1" crap="1" count="2"/>
        <line num="122" type="stmt" count="2"/>
        <line num="128" type="method" name="toDate" visibility="public" complexity="1" crap="1" count="1"/>
        <line num="132" type="stmt" count="1"/>
        <line num="135" type="method" name="compareTo" visibility="public" complexity="4" crap="4" count="4"/>
        <line num="138" type="stmt" count="4"/>
        <line num="139" type="stmt" count="3"/>
        <line num="140" type="stmt" count="4"/>
        <line num="144" type="method" name="equals" visibility="public" complexity="1" crap="1" count="1"/>
        <line num="146" type="stmt" count="1"/>
        <line num="149" type="method" name="newerThen" visibility="public" complexity="1" crap="1" count="3"/>
        <line num="151" type="stmt" count="3"/>
        <line num="154" type="method" name="olderThen" visibility="public" complexity="1" crap="1" count="1"/>
        <line num="156" type="stmt" count="1"/>
        <line num="162" type="method" name="s32encode" visibility="public" complexity="2" crap="2" count="10"/>
        <line num="164" type="stmt" count="10"/>
        <line num="166" type="stmt" count="10"/>
        <line num="167" type="stmt" count="10"/>
        <line num="168" type="stmt" count="10"/>
        <line num="169" type="stmt" count="10"/>
        <line num="172" type="stmt" count="10"/>
        <line num="178" type="method" name="s32decode" visibility="public" complexity="2" crap="2" count="5"/>
        <line num="180" type="stmt" count="5"/>
        <line num="182" type="stmt" count="5"/>
        <line num="183" type="stmt" count="5"/>
        <line num="186" type="stmt" count="5"/>
        <line num="189" type="method" name="toString" visibility="public" complexity="1" crap="1" count="6"/>
        <line num="191" type="stmt" count="6"/>
        <line num="194" type="method" name="__toString" visibility="public" complexity="1" crap="1" count="1"/>
        <line num="196" type="stmt" count="1"/>
        <metrics loc="199" ncloc="154" classes="1" methods="17" coveredmethods="16" conditionals="0" coveredconditionals="0" statements="41" coveredstatements="40" elements="58" coveredelements="56"/>
      </file>
      <file name="/home/runner/work/laravel-bluesky/laravel-bluesky/src/Core/Varint.php">
        <class name="Revolution\Bluesky\Core\Varint" namespace="Revolution\Bluesky\Core">
          <metrics complexity="11" methods="3" coveredmethods="3" conditionals="0" coveredconditionals="0" statements="25" coveredstatements="25" elements="28" coveredelements="28"/>
        </class>
        <line num="21" type="method" name="encode" visibility="public" complexity="2" crap="2" count="21"/>
        <line num="25" type="stmt" count="21"/>
        <line num="27" type="stmt" count="21"/>
        <line num="28" type="stmt" count="11"/>
        <line num="29" type="stmt" count="11"/>
        <line num="32" type="stmt" count="21"/>
        <line num="34" type="stmt" count="21"/>
        <line num="37" type="method" name="decode" visibility="public" complexity="8" crap="8" count="19"/>
        <line num="39" type="stmt" count="19"/>
        <line num="40" type="stmt" count="1"/>
        <line num="43" type="stmt" count="18"/>
        <line num="44" type="stmt" count="18"/>
        <line num="46" type="stmt" count="18"/>
        <line num="47" type="stmt" count="18"/>
        <line num="49" type="stmt" count="18"/>
        <line num="50" type="stmt" count="1"/>
        <line num="53" type="stmt" count="18"/>
        <line num="54" type="stmt" count="17"/>
        <line num="55" type="stmt" count="1"/>
        <line num="58" type="stmt" count="16"/>
        <line num="61" type="stmt" count="13"/>
        <line num="62" type="stmt" count="13"/>
        <line num="71" type="method" name="decodeStream" visibility="public" complexity="1" crap="1" count="14"/>
        <line num="73" type="stmt" count="14"/>
        <line num="75" type="stmt" count="14"/>
        <line num="76" type="stmt" count="14"/>
        <line num="77" type="stmt" count="14"/>
        <line num="79" type="stmt" count="14"/>
        <metrics loc="82" ncloc="70" classes="1" methods="3" coveredmethods="3" conditionals="0" coveredconditionals="0" statements="25" coveredstatements="25" elements="28" coveredelements="28"/>
      </file>
    </package>
    <package name="Revolution\Bluesky\Core\CBOR">
      <file name="/home/runner/work/laravel-bluesky/laravel-bluesky/src/Core/CBOR/AtBytes.php">
        <class name="Revolution\Bluesky\Core\CBOR\AtBytes" namespace="Revolution\Bluesky\Core\CBOR">
          <metrics complexity="6" methods="6" coveredmethods="4" conditionals="0" coveredconditionals="0" statements="6" coveredstatements="4" elements="12" coveredelements="8"/>
        </class>
        <line num="15" type="method" name="__construct" visibility="public" complexity="1" crap="1" count="10"/>
        <line num="22" type="method" name="fromArray" visibility="public" complexity="1" crap="2" count="0"/>
        <line num="24" type="stmt" count="0"/>
        <line num="27" type="method" name="toBytes" visibility="public" complexity="1" crap="1" count="6"/>
        <line num="29" type="stmt" count="6"/>
        <line num="32" type="method" name="toArray" visibility="public" complexity="1" crap="1" count="8"/>
        <line num="34" type="stmt" count="8"/>
        <line num="37" type="method" name="toJson" visibility="public" complexity="1" crap="2" count="0"/>
        <line num="39" type="stmt" count="0"/>
        <line num="42" type="method" name="encode" visibility="protected" complexity="1" crap="1" count="8"/>
        <line num="44" type="stmt" count="8"/>
        <metrics loc="47" ncloc="39" classes="1" methods="6" coveredmethods="4" conditionals="0" coveredconditionals="0" statements="6" coveredstatements="4" elements="12" coveredelements="8"/>
      </file>
      <file name="/home/runner/work/laravel-bluesky/laravel-bluesky/src/Core/CBOR/CIDLinkWrapper.php">
        <class name="Revolution\Bluesky\Core\CBOR\CIDLinkWrapper" namespace="Revolution\Bluesky\Core\CBOR">
          <metrics complexity="6" methods="6" coveredmethods="4" conditionals="0" coveredconditionals="0" statements="6" coveredstatements="4" elements="12" coveredelements="8"/>
        </class>
        <line num="17" type="method" name="__construct" visibility="public" complexity="1" crap="1" count="10"/>
        <line num="19" type="method" name="cid" visibility="public" complexity="1" crap="1" count="10"/>
        <line num="21" type="stmt" count="10"/>
        <line num="24" type="method" name="bytes" visibility="public" complexity="1" crap="2" count="0"/>
        <line num="26" type="stmt" count="0"/>
        <line num="29" type="method" name="link" visibility="public" complexity="1" crap="1" count="10"/>
        <line num="31" type="stmt" count="10"/>
        <line num="34" type="method" name="mst" visibility="public" complexity="1" crap="1" count="6"/>
        <line num="36" type="stmt" count="6"/>
        <line num="39" type="method" name="toArray" visibility="public" complexity="1" crap="2" count="0"/>
        <line num="41" type="stmt" count="0"/>
        <metrics loc="44" ncloc="39" classes="1" methods="6" coveredmethods="4" conditionals="0" coveredconditionals="0" statements="6" coveredstatements="4" elements="12" coveredelements="8"/>
      </file>
      <file name="/home/runner/work/laravel-bluesky/laravel-bluesky/src/Core/CBOR/Decoder.php">
        <class name="Revolution\Bluesky\Core\CBOR\Decoder" namespace="Revolution\Bluesky\Core\CBOR">
          <metrics complexity="37" methods="13" coveredmethods="11" conditionals="0" coveredconditionals="0" statements="94" coveredstatements="92" elements="107" coveredelements="103"/>
        </class>
        <line num="25" type="method" name="decodeFirst" visibility="public" complexity="1" crap="1" count="13"/>
        <line num="27" type="stmt" count="13"/>
        <line num="29" type="stmt" count="13"/>
        <line num="31" type="stmt" count="13"/>
        <line num="32" type="stmt" count="13"/>
        <line num="34" type="stmt" count="13"/>
        <line num="40" type="method" name="decode" visibility="public" complexity="1" crap="1" count="12"/>
        <line num="42" type="stmt" count="12"/>
        <line num="44" type="stmt" count="12"/>
        <line num="46" type="stmt" count="12"/>
        <line num="52" type="method" name="decodeAll" visibility="public" complexity="3" crap="3" count="1"/>
        <line num="54" type="stmt" count="1"/>
        <line num="56" type="stmt" count="1"/>
        <line num="58" type="stmt" count="1"/>
        <line num="59" type="stmt" count="1"/>
        <line num="61" type="stmt" count="1"/>
        <line num="62" type="stmt" count="1"/>
        <line num="65" type="stmt" count="1"/>
        <line num="68" type="stmt" count="1"/>
        <line num="71" type="method" name="readArgument" visibility="private" complexity="7" crap="7" count="14"/>
        <line num="73" type="stmt" count="14"/>
        <line num="74" type="stmt" count="14"/>
        <line num="77" type="stmt" count="14"/>
        <line num="78" type="stmt" count="14"/>
        <line num="79" type="stmt" count="7"/>
        <line num="80" type="stmt" count="6"/>
        <line num="81" type="stmt" count="1"/>
        <line num="82" type="stmt" count="14"/>
        <line num="83" type="stmt" count="14"/>
        <line num="86" type="method" name="readFloat64" visibility="private" complexity="1" crap="1" count="1"/>
        <line num="88" type="stmt" count="1"/>
        <line num="89" type="stmt" count="1"/>
        <line num="90" type="stmt" count="1"/>
        <line num="92" type="stmt" count="1"/>
        <line num="95" type="method" name="readUint8" visibility="private" complexity="1" crap="1" count="14"/>
        <line num="97" type="stmt" count="14"/>
        <line num="100" type="method" name="readUint16" visibility="private" complexity="1" crap="1" count="7"/>
        <line num="102" type="stmt" count="7"/>
        <line num="103" type="stmt" count="7"/>
        <line num="104" type="stmt" count="7"/>
        <line num="106" type="stmt" count="7"/>
        <line num="109" type="method" name="readUint32" visibility="private" complexity="1" crap="1" count="6"/>
        <line num="111" type="stmt" count="6"/>
        <line num="112" type="stmt" count="6"/>
        <line num="113" type="stmt" count="6"/>
        <line num="115" type="stmt" count="6"/>
        <line num="118" type="method" name="readUint64" visibility="private" complexity="2" crap="2.01" count="1"/>
        <line num="120" type="stmt" count="1"/>
        <line num="123" type="stmt" count="1"/>
        <line num="124" type="stmt" count="1"/>
        <line num="126" type="stmt" count="1"/>
        <line num="127" type="stmt" count="1"/>
        <line num="129" type="stmt" count="1"/>
        <line num="130" type="stmt" count="0"/>
        <line num="133" type="stmt" count="1"/>
        <line num="136" type="method" name="readString" visibility="private" complexity="1" crap="1" count="14"/>
        <line num="138" type="stmt" count="14"/>
        <line num="141" type="method" name="readBytes" visibility="private" complexity="1" crap="1" count="8"/>
        <line num="143" type="stmt" count="8"/>
        <line num="146" type="method" name="readCid" visibility="private" complexity="1" crap="1" count="10"/>
        <line num="148" type="stmt" count="10"/>
        <line num="149" type="stmt" count="10"/>
        <line num="151" type="stmt" count="10"/>
        <line num="154" type="method" name="readValue" visibility="private" complexity="16" crap="16" count="14"/>
        <line num="156" type="stmt" count="14"/>
        <line num="157" type="stmt" count="14"/>
        <line num="158" type="stmt" count="14"/>
        <line num="160" type="stmt" count="14"/>
        <line num="161" type="stmt" count="13"/>
        <line num="164" type="stmt" count="14"/>
        <line num="165" type="stmt" count="1"/>
        <line num="167" type="stmt" count="1"/>
        <line num="170" type="stmt" count="14"/>
        <line num="171" type="stmt" count="8"/>
        <line num="174" type="stmt" count="14"/>
        <line num="175" type="stmt" count="14"/>
        <line num="178" type="stmt" count="14"/>
        <line num="179" type="stmt" count="9"/>
        <line num="180" type="stmt" count="9"/>
        <line num="182" type="stmt" count="9"/>
        <line num="183" type="stmt" count="9"/>
        <line num="186" type="stmt" count="9"/>
        <line num="189" type="stmt" count="14"/>
        <line num="190" type="stmt" count="14"/>
        <line num="191" type="stmt" count="14"/>
        <line num="193" type="stmt" count="14"/>
        <line num="194" type="stmt" count="14"/>
        <line num="195" type="stmt" count="14"/>
        <line num="198" type="stmt" count="14"/>
        <line num="201" type="stmt" count="12"/>
        <line num="202" type="stmt" count="10"/>
        <line num="204" type="stmt" count="10"/>
        <line num="206" type="stmt" count="10"/>
        <line num="207" type="stmt" count="10"/>
        <line num="208" type="stmt" count="10"/>
        <line num="210" type="stmt" count="10"/>
        <line num="212" type="stmt" count="10"/>
        <line num="214" type="stmt" count="10"/>
        <line num="217" type="stmt" count="11"/>
        <line num="218" type="stmt" count="11"/>
        <line num="219" type="stmt" count="1"/>
        <line num="220" type="stmt" count="1"/>
        <line num="221" type="stmt" count="10"/>
        <line num="222" type="stmt" count="1"/>
        <line num="223" type="stmt" count="11"/>
        <line num="224" type="stmt" count="11"/>
        <line num="227" type="stmt" count="0"/>
        <metrics loc="230" ncloc="215" classes="1" methods="13" coveredmethods="11" conditionals="0" coveredconditionals="0" statements="94" coveredstatements="92" elements="107" coveredelements="103"/>
      </file>
      <file name="/home/runner/work/laravel-bluesky/laravel-bluesky/src/Core/CBOR/Encoder.php">
        <class name="Revolution\Bluesky\Core\CBOR\Encoder" namespace="Revolution\Bluesky\Core\CBOR">
          <metrics complexity="43" methods="16" coveredmethods="15" conditionals="0" coveredconditionals="0" statements="100" coveredstatements="97" elements="116" coveredelements="112"/>
        </class>
        <line num="23" type="method" name="encode" visibility="public" complexity="1" crap="1" count="9"/>
        <line num="25" type="stmt" count="9"/>
        <line num="27" type="stmt" count="9"/>
        <line num="29" type="stmt" count="9"/>
        <line num="31" type="stmt" count="9"/>
        <line num="34" type="method" name="getInfo" visibility="private" complexity="6" crap="6" count="9"/>
        <line num="37" type="stmt" count="9"/>
        <line num="38" type="stmt" count="8"/>
        <line num="39" type="stmt" count="2"/>
        <line num="40" type="stmt" count="2"/>
        <line num="41" type="stmt" count="9"/>
        <line num="45" type="method" name="writeFloat64" visibility="private" complexity="1" crap="1" count="1"/>
        <line num="47" type="stmt" count="1"/>
        <line num="48" type="stmt" count="1"/>
        <line num="51" type="method" name="writeUint8" visibility="private" complexity="1" crap="1" count="9"/>
        <line num="53" type="stmt" count="9"/>
        <line num="56" type="method" name="writeUint16" visibility="private" complexity="1" crap="1" count="1"/>
        <line num="58" type="stmt" count="1"/>
        <line num="59" type="stmt" count="1"/>
        <line num="62" type="method" name="writeUint32" visibility="private" complexity="1" crap="1" count="2"/>
        <line num="64" type="stmt" count="2"/>
        <line num="65" type="stmt" count="2"/>
        <line num="68" type="method" name="writeUint64" visibility="private" complexity="1" crap="1" count="1"/>
        <line num="70" type="stmt" count="1"/>
        <line num="71" type="stmt" count="1"/>
        <line num="72" type="stmt" count="1"/>
        <line num="73" type="stmt" count="1"/>
        <line num="76" type="method" name="writeTypeAndArgument" visibility="private" complexity="5" crap="5" count="9"/>
        <line num="78" type="stmt" count="9"/>
        <line num="79" type="stmt" count="9"/>
        <line num="82" type="stmt" count="9"/>
        <line num="83" type="stmt" count="8"/>
        <line num="84" type="stmt" count="8"/>
        <line num="85" type="stmt" count="9"/>
        <line num="86" type="stmt" count="1"/>
        <line num="87" type="stmt" count="1"/>
        <line num="88" type="stmt" count="9"/>
        <line num="89" type="stmt" count="2"/>
        <line num="90" type="stmt" count="2"/>
        <line num="91" type="stmt" count="9"/>
        <line num="92" type="stmt" count="1"/>
        <line num="93" type="stmt" count="1"/>
        <line num="97" type="method" name="writeInteger" visibility="private" complexity="2" crap="2" count="7"/>
        <line num="99" type="stmt" count="7"/>
        <line num="100" type="stmt" count="1"/>
        <line num="102" type="stmt" count="7"/>
        <line num="106" type="method" name="writeFloat" visibility="private" complexity="1" crap="1" count="1"/>
[...]
        <line num="30" type="method" name="isHandle" visibility="public" complexity="1" crap="1" count="19"/>
        <line num="32" type="stmt" count="19"/>
        <line num="35" type="method" name="isDID" visibility="public" complexity="1" crap="1" count="31"/>
        <line num="37" type="stmt" count="31"/>
        <line num="43" type="method" name="resolveIdentity" visibility="public" complexity="4" crap="4" count="2"/>
        <line num="46" type="stmt" count="2"/>
        <line num="47" type="stmt" count="1"/>
        <line num="48" type="stmt" count="2"/>
        <line num="64" type="method" name="resolveHandle" visibility="public" complexity="9" crap="9.37" count="3"/>
        <line num="66" type="stmt" count="3"/>
        <line num="70" type="stmt" count="3"/>
        <line num="71" type="stmt" count="0"/>
        <line num="75" type="stmt" count="3"/>
        <line num="77" type="stmt" count="3"/>
        <line num="78" type="stmt" count="3"/>
        <line num="79" type="stmt" count="3"/>
        <line num="81" type="stmt" count="3"/>
        <line num="83" type="stmt" count="3"/>
        <line num="84" type="stmt" count="2"/>
        <line num="85" type="stmt" count="0"/>
        <line num="88" type="stmt" count="2"/>
        <line num="92" type="stmt" count="1"/>
        <line num="93" type="stmt" count="1"/>
        <line num="95" type="stmt" count="1"/>
        <line num="96" type="stmt" count="1"/>
        <line num="97" type="stmt" count="0"/>
        <line num="100" type="stmt" count="1"/>
        <line num="117" type="method" name="resolveDID" visibility="public" complexity="10" crap="10" count="7"/>
        <line num="119" type="stmt" count="7"/>
        <line num="120" type="stmt" count="1"/>
        <line num="123" type="stmt" count="6"/>
        <line num="124" type="stmt" count="1"/>
        <line num="127" type="stmt" count="5"/>
        <line num="128" type="stmt" count="6"/>
        <line num="129" type="stmt" count="4"/>
        <line num="130" type="stmt" count="1"/>
        <line num="131" type="stmt" count="5"/>
        <line num="133" type="stmt" count="5"/>
        <line num="135" type="stmt" count="5"/>
        <line num="136" type="stmt" count="1"/>
        <line num="139" type="stmt" count="5"/>
        <metrics loc="142" ncloc="107" classes="1" methods="5" coveredmethods="4" conditionals="0" coveredconditionals="0" statements="36" coveredstatements="33" elements="41" coveredelements="37"/>
      </file>
      <file name="/home/runner/work/laravel-bluesky/laravel-bluesky/src/Support/PDS.php">
        <class name="Revolution\Bluesky\Support\PDS" namespace="Revolution\Bluesky\Support">
          <metrics complexity="1" methods="1" coveredmethods="1" conditionals="0" coveredconditionals="0" statements="5" coveredstatements="5" elements="6" coveredelements="6"/>
        </class>
        <line num="19" type="method" name="getProtectedResource" visibility="public" complexity="1" crap="1" count="4"/>
        <line num="21" type="stmt" count="4"/>
        <line num="22" type="stmt" count="4"/>
        <line num="23" type="stmt" count="4"/>
        <line num="24" type="stmt" count="4"/>
        <line num="25" type="stmt" count="4"/>
        <metrics loc="28" ncloc="20" classes="1" methods="1" coveredmethods="1" conditionals="0" coveredconditionals="0" statements="5" coveredstatements="5" elements="6" coveredelements="6"/>
      </file>
      <file name="/home/runner/work/laravel-bluesky/laravel-bluesky/src/Support/ProtectedResource.php">
        <class name="Revolution\Bluesky\Support\ProtectedResource" namespace="Revolution\Bluesky\Support">
          <metrics complexity="6" methods="6" coveredmethods="6" conditionals="0" coveredconditionals="0" statements="13" coveredstatements="13" elements="19" coveredelements="19"/>
        </class>
        <line num="20" type="method" name="__construct" visibility="public" complexity="1" crap="1" count="5"/>
        <line num="22" type="stmt" count="5"/>
        <line num="23" type="stmt" count="5"/>
        <line num="24" type="stmt" count="5"/>
        <line num="25" type="stmt" count="5"/>
        <line num="26" type="stmt" count="5"/>
        <line num="27" type="stmt" count="5"/>
        <line num="28" type="stmt" count="5"/>
        <line num="29" type="stmt" count="5"/>
        <line num="35" type="method" name="make" visibility="public" complexity="1" crap="1" count="5"/>
        <line num="37" type="stmt" count="5"/>
        <line num="45" type="method" name="resource" visibility="public" complexity="1" crap="1" count="4"/>
        <line num="47" type="stmt" count="4"/>
        <line num="55" type="method" name="authServer" visibility="public" complexity="1" crap="1" count="5"/>
        <line num="57" type="stmt" count="5"/>
        <line num="60" type="method" name="get" visibility="public" complexity="1" crap="1" count="5"/>
        <line num="62" type="stmt" count="5"/>
        <line num="65" type="method" name="toArray" visibility="public" complexity="1" crap="1" count="5"/>
        <line num="67" type="stmt" count="5"/>
        <metrics loc="70" ncloc="51" classes="1" methods="6" coveredmethods="6" conditionals="0" coveredconditionals="0" statements="13" coveredstatements="13" elements="19" coveredelements="19"/>
      </file>
    </package>
    <package name="Revolution\Bluesky\Traits">
      <file name="/home/runner/work/laravel-bluesky/laravel-bluesky/src/Traits/WithBluesky.php">
        <class name="Revolution\Bluesky\Traits\WithBluesky" namespace="Revolution\Bluesky\Traits">
          <metrics complexity="1" methods="1" coveredmethods="1" conditionals="0" coveredconditionals="0" statements="3" coveredstatements="3" elements="4" coveredelements="4"/>
        </class>
        <line num="13" type="method" name="bluesky" visibility="public" complexity="1" crap="1" count="1"/>
        <line num="15" type="stmt" count="1"/>
        <line num="16" type="stmt" count="1"/>
        <line num="17" type="stmt" count="1"/>
        <metrics loc="22" ncloc="22" classes="1" methods="1" coveredmethods="1" conditionals="0" coveredconditionals="0" statements="3" coveredstatements="3" elements="4" coveredelements="4"/>
      </file>
    </package>
    <package name="Revolution\Bluesky\Types">
      <file name="/home/runner/work/laravel-bluesky/laravel-bluesky/src/Types/BlankUnion.php">
        <class name="Revolution\Bluesky\Types\BlankUnion" namespace="Revolution\Bluesky\Types">
          <metrics complexity="3" methods="3" coveredmethods="3" conditionals="0" coveredconditionals="0" statements="5" coveredstatements="5" elements="8" coveredelements="8"/>
        </class>
        <line num="22" type="method" name="__construct" visibility="public" complexity="1" crap="1" count="1"/>
        <line num="24" type="stmt" count="1"/>
        <line num="27" type="method" name="make" visibility="public" complexity="1" crap="1" count="1"/>
        <line num="29" type="stmt" count="1"/>
        <line num="32" type="method" name="toArray" visibility="public" complexity="1" crap="1" count="1"/>
        <line num="34" type="stmt" count="1"/>
        <line num="35" type="stmt" count="1"/>
        <line num="36" type="stmt" count="1"/>
        <metrics loc="39" ncloc="32" classes="1" methods="3" coveredmethods="3" conditionals="0" coveredconditionals="0" statements="5" coveredstatements="5" elements="8" coveredelements="8"/>
      </file>
      <file name="/home/runner/work/laravel-bluesky/laravel-bluesky/src/Types/BlobRef.php">
        <class name="Revolution\Bluesky\Types\BlobRef" namespace="Revolution\Bluesky\Types">
          <metrics complexity="3" methods="3" coveredmethods="3" conditionals="0" coveredconditionals="0" statements="18" coveredstatements="18" elements="21" coveredelements="21"/>
        </class>
        <line num="13" type="method" name="make" visibility="public" complexity="1" crap="1" count="2"/>
        <line num="15" type="stmt" count="2"/>
        <line num="17" type="stmt" count="2"/>
        <line num="18" type="stmt" count="2"/>
        <line num="19" type="stmt" count="2"/>
        <line num="21" type="stmt" count="2"/>
        <line num="27" type="method" name="fromArray" visibility="public" complexity="1" crap="1" count="1"/>
        <line num="29" type="stmt" count="1"/>
        <line num="31" type="stmt" count="1"/>
        <line num="32" type="stmt" count="1"/>
        <line num="33" type="stmt" count="1"/>
        <line num="35" type="stmt" count="1"/>
        <line num="41" type="method" name="toArray" visibility="public" complexity="1" crap="1" count="3"/>
        <line num="43" type="stmt" count="3"/>
        <line num="44" type="stmt" count="3"/>
        <line num="45" type="stmt" count="3"/>
        <line num="46" type="stmt" count="3"/>
        <line num="47" type="stmt" count="3"/>
        <line num="48" type="stmt" count="3"/>
        <line num="49" type="stmt" count="3"/>
        <line num="50" type="stmt" count="3"/>
        <metrics loc="53" ncloc="47" classes="1" methods="3" coveredmethods="3" conditionals="0" coveredconditionals="0" statements="18" coveredstatements="18" elements="21" coveredelements="21"/>
      </file>
      <file name="/home/runner/work/laravel-bluesky/laravel-bluesky/src/Types/ReplyRef.php">
        <class name="Revolution\Bluesky\Types\ReplyRef" namespace="Revolution\Bluesky\Types">
          <metrics complexity="3" methods="3" coveredmethods="3" conditionals="0" coveredconditionals="0" statements="6" coveredstatements="6" elements="9" coveredelements="9"/>
        </class>
        <line num="13" type="method" name="__construct" visibility="public" complexity="1" crap="1" count="1"/>
        <line num="16" type="stmt" count="1"/>
        <line num="18" type="method" name="to" visibility="public" complexity="1" crap="1" count="1"/>
        <line num="20" type="stmt" count="1"/>
        <line num="26" type="method" name="toArray" visibility="public" complexity="1" crap="1" count="1"/>
        <line num="28" type="stmt" count="1"/>
        <line num="29" type="stmt" count="1"/>
        <line num="30" type="stmt" count="1"/>
        <line num="31" type="stmt" count="1"/>
        <metrics loc="34" ncloc="31" classes="1" methods="3" coveredmethods="3" conditionals="0" coveredconditionals="0" statements="6" coveredstatements="6" elements="9" coveredelements="9"/>
      </file>
      <file name="/home/runner/work/laravel-bluesky/laravel-bluesky/src/Types/RepoRef.php">
        <class name="Revolution\Bluesky\Types\RepoRef" namespace="Revolution\Bluesky\Types">
          <metrics complexity="3" methods="3" coveredmethods="0" conditionals="0" coveredconditionals="0" statements="6" coveredstatements="0" elements="9" coveredelements="0"/>
        </class>
        <line num="15" type="method" name="__construct" visibility="public" complexity="1" crap="2" count="0"/>
        <line num="17" type="stmt" count="0"/>
        <line num="25" type="method" name="to" visibility="public" complexity="1" crap="2" count="0"/>
        <line num="27" type="stmt" count="0"/>
        <line num="33" type="method" name="toArray" visibility="public" complexity="1" crap="2" count="0"/>
        <line num="35" type="stmt" count="0"/>
        <line num="36" type="stmt" count="0"/>
        <line num="37" type="stmt" count="0"/>
        <line num="38" type="stmt" count="0"/>
        <metrics loc="41" ncloc="33" classes="1" methods="3" coveredmethods="0" conditionals="0" coveredconditionals="0" statements="6" coveredstatements="0" elements="9" coveredelements="0"/>
      </file>
      <file name="/home/runner/work/laravel-bluesky/laravel-bluesky/src/Types/SelfLabels.php">
        <class name="Revolution\Bluesky\Types\SelfLabels" namespace="Revolution\Bluesky\Types">
          <metrics complexity="3" methods="3" coveredmethods="3" conditionals="0" coveredconditionals="0" statements="6" coveredstatements="6" elements="9" coveredelements="9"/>
        </class>
        <line num="17" type="method" name="__construct" visibility="public" complexity="1" crap="1" count="1"/>
        <line num="19" type="stmt" count="1"/>
        <line num="25" type="method" name="make" visibility="public" complexity="1" crap="1" count="1"/>
        <line num="27" type="stmt" count="1"/>
        <line num="30" type="method" name="toArray" visibility="public" complexity="1" crap="1" count="1"/>
        <line num="32" type="stmt" count="1"/>
        <line num="33" type="stmt" count="1"/>
        <line num="34" type="stmt" count="1"/>
        <line num="35" type="stmt" count="1"/>
        <metrics loc="38" ncloc="32" classes="1" methods="3" coveredmethods="3" conditionals="0" coveredconditionals="0" statements="6" coveredstatements="6" elements="9" coveredelements="9"/>
      </file>
      <file name="/home/runner/work/laravel-bluesky/laravel-bluesky/src/Types/StrongRef.php">
        <class name="Revolution\Bluesky\Types\StrongRef" namespace="Revolution\Bluesky\Types">
          <metrics complexity="3" methods="3" coveredmethods="3" conditionals="0" coveredconditionals="0" statements="8" coveredstatements="8" elements="11" coveredelements="11"/>
        </class>
        <line num="18" type="method" name="__construct" visibility="public" complexity="1" crap="1" count="9"/>
        <line num="20" type="stmt" count="9"/>
        <line num="21" type="stmt" count="9"/>
        <line num="31" type="method" name="to" visibility="public" complexity="1" crap="1" count="9"/>
        <line num="33" type="stmt" count="9"/>
        <line num="39" type="method" name="toArray" visibility="public" complexity="1" crap="1" count="9"/>
        <line num="41" type="stmt" count="9"/>
        <line num="42" type="stmt" count="9"/>
        <line num="43" type="stmt" count="9"/>
        <line num="44" type="stmt" count="9"/>
        <line num="45" type="stmt" count="9"/>
        <metrics loc="48" ncloc="35" classes="1" methods="3" coveredmethods="3" conditionals="0" coveredconditionals="0" statements="8" coveredstatements="8" elements="11" coveredelements="11"/>
      </file>
    </package>
    <package name="Revolution\Bluesky\Validation">
      <file name="/home/runner/work/laravel-bluesky/laravel-bluesky/src/Validation/AtActor.php">
        <class name="Revolution\Bluesky\Validation\AtActor" namespace="Revolution\Bluesky\Validation">
          <metrics complexity="3" methods="1" coveredmethods="1" conditionals="0" coveredconditionals="0" statements="2" coveredstatements="2" elements="3" coveredelements="3"/>
        </class>
        <line num="23" type="method" name="validate" visibility="public" complexity="3" crap="3" count="2"/>
        <line num="25" type="stmt" count="2"/>
        <line num="26" type="stmt" count="1"/>
        <metrics loc="30" ncloc="22" classes="1" methods="1" coveredmethods="1" conditionals="0" coveredconditionals="0" statements="2" coveredstatements="2" elements="3" coveredelements="3"/>
      </file>
      <file name="/home/runner/work/laravel-bluesky/laravel-bluesky/src/Validation/AtDID.php">
        <class name="Revolution\Bluesky\Validation\AtDID" namespace="Revolution\Bluesky\Validation">
          <metrics complexity="2" methods="1" coveredmethods="1" conditionals="0" coveredconditionals="0" statements="2" coveredstatements="2" elements="3" coveredelements="3"/>
        </class>
        <line num="34" type="method" name="validate" visibility="public" complexity="2" crap="2" count="2"/>
        <line num="36" type="stmt" count="2"/>
        <line num="37" type="stmt" count="1"/>
        <metrics loc="41" ncloc="22" classes="1" methods="1" coveredmethods="1" conditionals="0" coveredconditionals="0" statements="2" coveredstatements="2" elements="3" coveredelements="3"/>
      </file>
      <file name="/home/runner/work/laravel-bluesky/laravel-bluesky/src/Validation/AtHandle.php">
        <class name="Revolution\Bluesky\Validation\AtHandle" namespace="Revolution\Bluesky\Validation">
          <metrics complexity="2" methods="1" coveredmethods="1" conditionals="0" coveredconditionals="0" statements="2" coveredstatements="2" elements="3" coveredelements="3"/>
        </class>
        <line num="23" type="method" name="validate" visibility="public" complexity="2" crap="2" count="2"/>
        <line num="25" type="stmt" count="2"/>
        <line num="26" type="stmt" count="1"/>
        <metrics loc="30" ncloc="22" classes="1" methods="1" coveredmethods="1" conditionals="0" coveredconditionals="0" statements="2" coveredstatements="2" elements="3" coveredelements="3"/>
      </file>
    </package>
    <package name="Revolution\Bluesky\WellKnown\Http">
      <file name="/home/runner/work/laravel-bluesky/laravel-bluesky/src/WellKnown/Http/WellKnownController.php">
        <class name="Revolution\Bluesky\WellKnown\Http\WellKnownController" namespace="Revolution\Bluesky\WellKnown\Http">
          <metrics complexity="2" methods="2" coveredmethods="2" conditionals="0" coveredconditionals="0" statements="2" coveredstatements="2" elements="4" coveredelements="4"/>
        </class>
        <line num="14" type="method" name="did" visibility="public" complexity="1" crap="1" count="1"/>
        <line num="16" type="stmt" count="1"/>
        <line num="22" type="method" name="atproto" visibility="public" complexity="1" crap="1" count="1"/>
        <line num="24" type="stmt" count="1"/>
        <metrics loc="27" ncloc="21" classes="1" methods="2" coveredmethods="2" conditionals="0" coveredconditionals="0" statements="2" coveredstatements="2" elements="4" coveredelements="4"/>
      </file>
    </package>
    <package name="Revolution\Bluesky\WellKnown">
      <file name="/home/runner/work/laravel-bluesky/laravel-bluesky/src/WellKnown/WellKnownConfig.php">
        <class name="Revolution\Bluesky\WellKnown\WellKnownConfig" namespace="Revolution\Bluesky\WellKnown">
          <metrics complexity="9" methods="4" coveredmethods="0" conditionals="0" coveredconditionals="0" statements="22" coveredstatements="18" elements="26" coveredelements="18"/>
        </class>
        <line num="29" type="method" name="didUsing" visibility="public" complexity="2" crap="6" count="0"/>
        <line num="31" type="stmt" count="0"/>
        <line num="37" type="method" name="did" visibility="public" complexity="3" crap="3.00" count="1"/>
        <line num="39" type="stmt" count="1"/>
        <line num="40" type="stmt" count="0"/>
        <line num="43" type="stmt" count="1"/>
        <line num="45" type="stmt" count="1"/>
        <line num="47" type="stmt" count="1"/>
        <line num="48" type="stmt" count="1"/>
        <line num="49" type="stmt" count="1"/>
        <line num="50" type="stmt" count="1"/>
        <line num="51" type="stmt" count="1"/>
        <line num="52" type="stmt" count="1"/>
        <line num="55" type="stmt" count="1"/>
        <line num="56" type="stmt" count="1"/>
        <line num="57" type="stmt" count="1"/>
        <line num="58" type="stmt" count="1"/>
        <line num="59" type="stmt" count="1"/>
        <line num="60" type="stmt" count="1"/>
        <line num="61" type="stmt" count="1"/>
        <line num="73" type="method" name="atprotoDidUsing" visibility="public" complexity="2" crap="6" count="0"/>
        <line num="75" type="stmt" count="0"/>
        <line num="81" type="method" name="atprotoDid" visibility="public" complexity="2" crap="2.15" count="1"/>
        <line num="83" type="stmt" count="1"/>
        <line num="84" type="stmt" count="0"/>
        <line num="87" type="stmt" count="1"/>
        <metrics loc="90" ncloc="64" classes="1" methods="4" coveredmethods="0" conditionals="0" coveredconditionals="0" statements="22" coveredstatements="18" elements="26" coveredelements="18"/>
      </file>
    </package>
    <metrics files="110" loc="9195" ncloc="7460" classes="96" methods="516" coveredmethods="398" conditionals="0" coveredconditionals="0" statements="2360" coveredstatements="2015" elements="2876" coveredelements="2413"/>
  </project>
</coverage>
